<?xml version="1.0" encoding="UTF-8"?>
<!-- Generated by org.testng.reporters.JUnitReportReporter -->
<testsuite hostname="DESKTOP-6P7VCHM" failures="0" tests="1" name="Ninza.QA.Testcase.Login" time="8.610" errors="0" timestamp="2024-07-29T20:17:12 IST" skipped="0">
  <testcase classname="Ninza.QA.Testcase.Login" name="checklogin" time="8.610"/>
</testsuite> <!-- Ninza.QA.Testcase.Login -->
