<?xml version="1.0" encoding="UTF-8"?>
<!-- Generated by org.testng.reporters.JUnitReportReporter -->
<testsuite hostname="DESKTOP-6P7VCHM" failures="0" tests="1" name="Ninza.QA.Testcase.Search1Test" time="5.876" errors="0" timestamp="2024-10-21T23:31:06 IST" skipped="0">
  <testcase classname="Ninza.QA.Testcase.Search1Test" name="search" time="5.876"/>
</testsuite> <!-- Ninza.QA.Testcase.Search1Test -->
