<?xml version="1.0" encoding="UTF-8"?>
<!-- Generated by org.testng.reporters.JUnitReportReporter -->
<testsuite hostname="DESKTOP-6P7VCHM" failures="0" tests="4" name="Ninza.QA.Testcase.loginTest" time="28.942" errors="0" timestamp="2024-10-21T23:31:06 IST" skipped="0">
  <testcase classname="Ninza.QA.Testcase.loginTest" name="login" time="7.643"/>
  <testcase classname="Ninza.QA.Testcase.loginTest" name="invalidcredentials" time="7.392"/>
  <testcase classname="Ninza.QA.Testcase.loginTest" name="invalidemailvaidpassword" time="7.105"/>
  <testcase classname="Ninza.QA.Testcase.loginTest" name="blackusernamepawword" time="6.802"/>
</testsuite> <!-- Ninza.QA.Testcase.loginTest -->
