<?xml version="1.0" encoding="UTF-8"?>
<!-- Generated by org.testng.reporters.JUnitReportReporter -->
<testsuite hostname="DESKTOP-6P7VCHM" failures="0" tests="2" name="Ninza.QA.Testcase.Register1Test" time="19.578" errors="0" timestamp="2024-10-21T23:31:06 IST" skipped="0">
  <testcase classname="Ninza.QA.Testcase.Register1Test" name="Register" time="11.594"/>
  <testcase classname="Ninza.QA.Testcase.Register1Test" name="checkvalidation" time="7.984"/>
</testsuite> <!-- Ninza.QA.Testcase.Register1Test -->
